17:13:58:352  INFO 6684 --- [main] com.pay.PayApplication                   : Starting PayApplication using Java 11.0.22 on WarmSun with PID 6684 (E:\heima\hmall\hmall\pay-service\target\classes started by 86159 in E:\heima\hmall\hmall)
17:13:58:358  INFO 6684 --- [main] com.pay.PayApplication                   : The following 1 profile is active: "local"
17:14:00:039  INFO 6684 --- [main] o.s.cloud.context.scope.GenericScope     : BeanFactory id=fe487504-8ff1-396f-b077-f23724814677
17:14:00:706  INFO 6684 --- [main] o.s.b.w.embedded.tomcat.TomcatWebServer  : Tomcat initialized with port(s): 8086 (http)
17:14:00:720  INFO 6684 --- [main] o.apache.catalina.core.StandardService   : Starting service [Tomcat]
17:14:00:721  INFO 6684 --- [main] org.apache.catalina.core.StandardEngine  : Starting Servlet engine: [Apache Tomcat/9.0.75]
17:14:01:005  INFO 6684 --- [main] o.a.c.c.C.[Tomcat].[localhost].[/]       : Initializing Spring embedded WebApplicationContext
17:14:01:006  INFO 6684 --- [main] w.s.c.ServletWebServerApplicationContext : Root WebApplicationContext: initialization completed in 2587 ms
17:14:01:281  INFO 6684 --- [main] o.s.c.openfeign.FeignClientFactoryBean   : For 'user-service' URL not provided. Will try picking an instance via load-balancing.
17:14:01:398  INFO 6684 --- [main] o.s.c.openfeign.FeignClientFactoryBean   : For 'trade-service' URL not provided. Will try picking an instance via load-balancing.
17:14:03:298  INFO 6684 --- [main] pertySourcedRequestMappingHandlerMapping : Mapped URL path [/v2/api-docs] onto method [springfox.documentation.swagger2.web.Swagger2ControllerWebMvc#getDocumentation(String, HttpServletRequest)]
17:14:03:731  INFO 6684 --- [main] com.alibaba.nacos.common.remote.client   : [RpcClientFactory] create a new rpc client of 07548f9a-a564-40a9-9102-e4eaac026911
17:14:03:769  INFO 6684 --- [main] org.reflections.Reflections              : Reflections took 20 ms to scan 1 urls, producing 3 keys and 6 values 
17:14:03:787  INFO 6684 --- [main] org.reflections.Reflections              : Reflections took 6 ms to scan 1 urls, producing 4 keys and 9 values 
17:14:03:799  INFO 6684 --- [main] org.reflections.Reflections              : Reflections took 8 ms to scan 1 urls, producing 3 keys and 10 values 
17:14:03:800  WARN 6684 --- [main] org.reflections.Reflections              : given scan urls are empty. set urls in the configuration
17:14:03:805  INFO 6684 --- [main] org.reflections.Reflections              : Reflections took 5 ms to scan 1 urls, producing 1 keys and 5 values 
17:14:03:830  INFO 6684 --- [main] org.reflections.Reflections              : Reflections took 25 ms to scan 1 urls, producing 1 keys and 7 values 
17:14:03:838  INFO 6684 --- [main] org.reflections.Reflections              : Reflections took 6 ms to scan 1 urls, producing 2 keys and 8 values 
17:14:03:838  WARN 6684 --- [main] org.reflections.Reflections              : given scan urls are empty. set urls in the configuration
17:14:03:838  INFO 6684 --- [main] com.alibaba.nacos.common.remote.client   : [07548f9a-a564-40a9-9102-e4eaac026911] RpcClient init label, labels = {module=naming, source=sdk}
17:14:03:844  INFO 6684 --- [main] com.alibaba.nacos.common.remote.client   : [07548f9a-a564-40a9-9102-e4eaac026911] RpcClient init, ServerListFactory = com.alibaba.nacos.client.naming.core.ServerListManager
17:14:03:844  INFO 6684 --- [main] com.alibaba.nacos.common.remote.client   : [07548f9a-a564-40a9-9102-e4eaac026911] Registry connection listener to current client:com.alibaba.nacos.client.naming.remote.gprc.redo.NamingGrpcRedoService
17:14:03:844  INFO 6684 --- [main] com.alibaba.nacos.common.remote.client   : [07548f9a-a564-40a9-9102-e4eaac026911] Register server push request handler:com.alibaba.nacos.client.naming.remote.gprc.NamingPushRequestHandler
17:14:03:845  INFO 6684 --- [main] com.alibaba.nacos.common.remote.client   : [07548f9a-a564-40a9-9102-e4eaac026911] Try to connect to server on start up, server: {serverIp = '192.168.200.128', server main port = 8848}
17:14:05:217  INFO 6684 --- [main] com.alibaba.nacos.common.remote.client   : [07548f9a-a564-40a9-9102-e4eaac026911] Success to connect to server [192.168.200.128:8848] on start up, connectionId = 1711185244612_192.168.200.10_52539
17:14:05:218  INFO 6684 --- [com.alibaba.nacos.client.remote.worker] com.alibaba.nacos.common.remote.client   : [07548f9a-a564-40a9-9102-e4eaac026911] Notify connected event to listeners.
17:14:05:220  INFO 6684 --- [main] com.alibaba.nacos.common.remote.client   : [07548f9a-a564-40a9-9102-e4eaac026911] Register server push request handler:com.alibaba.nacos.common.remote.client.RpcClient$ConnectResetRequestHandler
17:14:05:221  INFO 6684 --- [main] com.alibaba.nacos.common.remote.client   : [07548f9a-a564-40a9-9102-e4eaac026911] Register server push request handler:com.alibaba.nacos.common.remote.client.RpcClient$$Lambda$1065/0x0000000800754840
17:14:05:296  INFO 6684 --- [main] o.s.b.w.embedded.tomcat.TomcatWebServer  : Tomcat started on port(s): 8086 (http) with context path ''
17:14:05:310  INFO 6684 --- [main] c.a.c.n.registry.NacosServiceRegistry    : nacos registry, DEFAULT_GROUP pay-service 192.168.200.10:8086 register finished
17:14:05:645  INFO 6684 --- [main] d.s.w.p.DocumentationPluginsBootstrapper : Documentation plugins bootstrapped
17:14:05:648  INFO 6684 --- [main] d.s.w.p.DocumentationPluginsBootstrapper : Found 1 custom documentation plugin(s)
17:14:05:693  INFO 6684 --- [main] s.d.s.w.s.ApiListingReferenceScanner     : Scanning for api listing references
17:14:05:790  INFO 6684 --- [nacos-grpc-client-executor-8] com.alibaba.nacos.common.remote.client   : [07548f9a-a564-40a9-9102-e4eaac026911] Receive server push request, request = NotifySubscriberRequest, requestId = 4
17:14:05:804  INFO 6684 --- [nacos-grpc-client-executor-8] com.alibaba.nacos.common.remote.client   : [07548f9a-a564-40a9-9102-e4eaac026911] Ack server push request, request = NotifySubscriberRequest, requestId = 4
17:14:05:855  INFO 6684 --- [main] com.pay.PayApplication                   : Started PayApplication in 8.643 seconds (JVM running for 9.994)
17:15:13:874  WARN 6684 --- [Thread-4] c.a.nacos.common.notify.NotifyCenter     : [NotifyCenter] Start destroying Publisher
17:15:13:874  WARN 6684 --- [Thread-7] c.a.n.common.http.HttpClientBeanHolder   : [HttpClientBeanHolder] Start destroying common HttpClient
17:15:13:884  WARN 6684 --- [Thread-4] c.a.nacos.common.notify.NotifyCenter     : [NotifyCenter] Destruction of the end
17:15:13:884  WARN 6684 --- [Thread-7] c.a.n.common.http.HttpClientBeanHolder   : [HttpClientBeanHolder] Destruction of the end
17:15:14:154  INFO 6684 --- [SpringApplicationShutdownHook] c.a.c.n.registry.NacosServiceRegistry    : De-registering from Nacos Server now...
17:15:14:166  INFO 6684 --- [SpringApplicationShutdownHook] c.a.c.n.registry.NacosServiceRegistry    : De-registration finished.
17:15:14:482  INFO 6684 --- [SpringApplicationShutdownHook] com.alibaba.nacos.common.remote.client   : Shutdown rpc client, set status to shutdown
17:15:14:482  INFO 6684 --- [SpringApplicationShutdownHook] com.alibaba.nacos.common.remote.client   : Shutdown client event executor java.util.concurrent.ScheduledThreadPoolExecutor@73466a1b[Running, pool size = 2, active threads = 2, queued tasks = 0, completed tasks = 0]
17:15:14:482  INFO 6684 --- [SpringApplicationShutdownHook] com.alibaba.nacos.common.remote.client   : Close current connection 1711185244612_192.168.200.10_52539
17:15:14:484  INFO 6684 --- [nacos-grpc-client-executor-26] c.a.n.c.remote.client.grpc.GrpcClient    : [1711185244612_192.168.200.10_52539]Ignore complete event,isRunning:false,isAbandon=false
17:15:14:484  INFO 6684 --- [SpringApplicationShutdownHook] c.a.n.c.remote.client.grpc.GrpcClient    : Shutdown grpc executor java.util.concurrent.ThreadPoolExecutor@4a0e4b37[Running, pool size = 6, active threads = 0, queued tasks = 0, completed tasks = 27]
