17:01:27:229  INFO 13756 --- [main] com.trade.TradeApplication               : The following 1 profile is active: "local"
17:01:28:074  INFO 13756 --- [main] o.s.cloud.context.scope.GenericScope     : BeanFactory id=22602db3-f920-3c34-9557-e2c15d6f4f36
17:01:28:119  INFO 13756 --- [main] trationDelegate$BeanPostProcessorChecker : Bean 'io.seata.spring.boot.autoconfigure.SeataCoreAutoConfiguration' of type [io.seata.spring.boot.autoconfigure.SeataCoreAutoConfiguration] is not eligible for getting processed by all BeanPostProcessors (for example: not eligible for auto-proxying)
17:01:28:120  INFO 13756 --- [main] trationDelegate$BeanPostProcessorChecker : Bean 'springApplicationContextProvider' of type [io.seata.spring.boot.autoconfigure.provider.SpringApplicationContextProvider] is not eligible for getting processed by all BeanPostProcessors (for example: not eligible for auto-proxying)
17:01:28:120  INFO 13756 --- [main] trationDelegate$BeanPostProcessorChecker : Bean 'io.seata.spring.boot.autoconfigure.SeataAutoConfiguration' of type [io.seata.spring.boot.autoconfigure.SeataAutoConfiguration] is not eligible for getting processed by all BeanPostProcessors (for example: not eligible for auto-proxying)
17:01:28:153  INFO 13756 --- [main] trationDelegate$BeanPostProcessorChecker : Bean 'failureHandler' of type [io.seata.tm.api.DefaultFailureHandlerImpl] is not eligible for getting processed by all BeanPostProcessors (for example: not eligible for auto-proxying)
17:01:28:156  INFO 13756 --- [main] trationDelegate$BeanPostProcessorChecker : Bean 'org.springframework.cloud.commons.config.CommonsConfigAutoConfiguration' of type [org.springframework.cloud.commons.config.CommonsConfigAutoConfiguration] is not eligible for getting processed by all BeanPostProcessors (for example: not eligible for auto-proxying)
17:01:28:157  INFO 13756 --- [main] trationDelegate$BeanPostProcessorChecker : Bean 'org.springframework.cloud.client.loadbalancer.LoadBalancerDefaultMappingsProviderAutoConfiguration' of type [org.springframework.cloud.client.loadbalancer.LoadBalancerDefaultMappingsProviderAutoConfiguration] is not eligible for getting processed by all BeanPostProcessors (for example: not eligible for auto-proxying)
17:01:28:157  INFO 13756 --- [main] trationDelegate$BeanPostProcessorChecker : Bean 'loadBalancerClientsDefaultsMappingsProvider' of type [org.springframework.cloud.client.loadbalancer.LoadBalancerDefaultMappingsProviderAutoConfiguration$$Lambda$565/0x000000080063c040] is not eligible for getting processed by all BeanPostProcessors (for example: not eligible for auto-proxying)
17:01:28:157  INFO 13756 --- [main] trationDelegate$BeanPostProcessorChecker : Bean 'defaultsBindHandlerAdvisor' of type [org.springframework.cloud.commons.config.DefaultsBindHandlerAdvisor] is not eligible for getting processed by all BeanPostProcessors (for example: not eligible for auto-proxying)
17:01:28:159  INFO 13756 --- [main] trationDelegate$BeanPostProcessorChecker : Bean 'springCloudAlibabaConfiguration' of type [io.seata.spring.boot.autoconfigure.properties.SpringCloudAlibabaConfiguration] is not eligible for getting processed by all BeanPostProcessors (for example: not eligible for auto-proxying)
17:01:28:161  INFO 13756 --- [main] trationDelegate$BeanPostProcessorChecker : Bean 'seataProperties' of type [io.seata.spring.boot.autoconfigure.properties.SeataProperties] is not eligible for getting processed by all BeanPostProcessors (for example: not eligible for auto-proxying)
17:01:28:163  INFO 13756 --- [main] i.s.s.b.a.SeataAutoConfiguration         : Automatically configure Seata
17:01:28:211  INFO 13756 --- [main] io.seata.config.ConfigurationFactory     : load Configuration from :Spring Configuration
17:01:28:215  INFO 13756 --- [main] io.seata.config.ConfigurationFactory     : load Configuration from :Spring Configuration
17:01:28:259  INFO 13756 --- [main] i.s.s.a.GlobalTransactionScanner         : Initializing Global Transaction Clients ... 
17:01:28:332  INFO 13756 --- [main] i.s.core.rpc.netty.NettyClientBootstrap  : NettyClientBootstrap has started
17:01:29:214  INFO 13756 --- [main] com.alibaba.nacos.common.remote.client   : [RpcClientFactory] create a new rpc client of 767d3e66-f31f-41b0-b1f3-1e87eb2c4558
17:01:29:215  INFO 13756 --- [main] com.alibaba.nacos.common.remote.client   : [767d3e66-f31f-41b0-b1f3-1e87eb2c4558] RpcClient init label, labels = {module=naming, source=sdk}
17:01:29:216  INFO 13756 --- [main] com.alibaba.nacos.common.remote.client   : [767d3e66-f31f-41b0-b1f3-1e87eb2c4558] RpcClient init, ServerListFactory = com.alibaba.nacos.client.naming.core.ServerListManager
17:01:29:216  INFO 13756 --- [main] com.alibaba.nacos.common.remote.client   : [767d3e66-f31f-41b0-b1f3-1e87eb2c4558] Registry connection listener to current client:com.alibaba.nacos.client.naming.remote.gprc.redo.NamingGrpcRedoService
17:01:29:217  INFO 13756 --- [main] com.alibaba.nacos.common.remote.client   : [767d3e66-f31f-41b0-b1f3-1e87eb2c4558] Register server push request handler:com.alibaba.nacos.client.naming.remote.gprc.NamingPushRequestHandler
17:01:29:217  INFO 13756 --- [main] com.alibaba.nacos.common.remote.client   : [767d3e66-f31f-41b0-b1f3-1e87eb2c4558] Try to connect to server on start up, server: {serverIp = '192.168.200.128', server main port = 8848}
17:01:29:339  INFO 13756 --- [main] com.alibaba.nacos.common.remote.client   : [767d3e66-f31f-41b0-b1f3-1e87eb2c4558] Success to connect to server [192.168.200.128:8848] on start up, connectionId = 1711184488840_192.168.200.10_52269
17:01:29:339  INFO 13756 --- [main] com.alibaba.nacos.common.remote.client   : [767d3e66-f31f-41b0-b1f3-1e87eb2c4558] Register server push request handler:com.alibaba.nacos.common.remote.client.RpcClient$ConnectResetRequestHandler
17:01:29:339  INFO 13756 --- [main] com.alibaba.nacos.common.remote.client   : [767d3e66-f31f-41b0-b1f3-1e87eb2c4558] Register server push request handler:com.alibaba.nacos.common.remote.client.RpcClient$$Lambda$471/0x0000000800423840
17:01:29:339  INFO 13756 --- [com.alibaba.nacos.client.remote.worker] com.alibaba.nacos.common.remote.client   : [767d3e66-f31f-41b0-b1f3-1e87eb2c4558] Notify connected event to listeners.
17:01:29:417 ERROR 13756 --- [main] i.s.c.r.netty.NettyClientChannelManager  : no available service found in cluster 'default', please make sure registry config correct and keep your seata server running
17:01:29:417  INFO 13756 --- [main] i.s.s.a.GlobalTransactionScanner         : Transaction Manager Client is initialized. applicationId[trade-service] txServiceGroup[hmall]
17:01:29:425  INFO 13756 --- [main] io.seata.rm.datasource.AsyncWorker       : Async Commit Buffer Limit: 10000
17:01:29:426  INFO 13756 --- [main] i.s.rm.datasource.xa.ResourceManagerXA   : ResourceManagerXA init ...
17:01:29:434  INFO 13756 --- [main] i.s.core.rpc.netty.NettyClientBootstrap  : NettyClientBootstrap has started
17:01:29:434  INFO 13756 --- [main] i.s.s.a.GlobalTransactionScanner         : Resource Manager is initialized. applicationId[trade-service] txServiceGroup[hmall]
17:01:29:434  INFO 13756 --- [main] i.s.s.a.GlobalTransactionScanner         : Global Transaction Clients are initialized. 
17:01:29:436  INFO 13756 --- [main] trationDelegate$BeanPostProcessorChecker : Bean 'io.seata.spring.boot.autoconfigure.SeataDataSourceAutoConfiguration' of type [io.seata.spring.boot.autoconfigure.SeataDataSourceAutoConfiguration] is not eligible for getting processed by all BeanPostProcessors (for example: not eligible for auto-proxying)
17:01:29:503  INFO 13756 --- [main] trationDelegate$BeanPostProcessorChecker : Bean 'com.alibaba.cloud.seata.feign.SeataFeignClientAutoConfiguration$FeignBeanPostProcessorConfiguration' of type [com.alibaba.cloud.seata.feign.SeataFeignClientAutoConfiguration$FeignBeanPostProcessorConfiguration] is not eligible for getting processed by all BeanPostProcessors (for example: not eligible for auto-proxying)
17:01:29:503  INFO 13756 --- [main] trationDelegate$BeanPostProcessorChecker : Bean 'seataFeignObjectWrapper' of type [com.alibaba.cloud.seata.feign.SeataFeignObjectWrapper] is not eligible for getting processed by all BeanPostProcessors (for example: not eligible for auto-proxying)
17:01:29:744  INFO 13756 --- [main] o.s.b.w.embedded.tomcat.TomcatWebServer  : Tomcat initialized with port(s): 8085 (http)
17:01:29:755  INFO 13756 --- [main] o.apache.catalina.core.StandardService   : Starting service [Tomcat]
17:01:29:756  INFO 13756 --- [main] org.apache.catalina.core.StandardEngine  : Starting Servlet engine: [Apache Tomcat/9.0.75]
17:01:29:925  INFO 13756 --- [main] o.a.c.c.C.[Tomcat].[localhost].[/]       : Initializing Spring embedded WebApplicationContext
17:01:29:926  INFO 13756 --- [main] w.s.c.ServletWebServerApplicationContext : Root WebApplicationContext: initialization completed in 2670 ms
17:01:29:953  INFO 13756 --- [nacos-grpc-client-executor-5] com.alibaba.nacos.common.remote.client   : [767d3e66-f31f-41b0-b1f3-1e87eb2c4558] Receive server push request, request = NotifySubscriberRequest, requestId = 1
17:01:29:962  INFO 13756 --- [nacos-grpc-client-executor-5] com.alibaba.nacos.common.remote.client   : [767d3e66-f31f-41b0-b1f3-1e87eb2c4558] Ack server push request, request = NotifySubscriberRequest, requestId = 1
17:01:30:112  INFO 13756 --- [main] o.s.c.openfeign.FeignClientFactoryBean   : For 'item-service' URL not provided. Will try picking an instance via load-balancing.
17:01:30:305  INFO 13756 --- [main] com.zaxxer.hikari.HikariDataSource       : HikariPool-1 - Starting...
17:01:30:702  INFO 13756 --- [main] com.zaxxer.hikari.HikariDataSource       : HikariPool-1 - Start completed.
17:01:30:771 ERROR 13756 --- [main] i.s.c.r.netty.NettyClientChannelManager  : no available service found in cluster 'default', please make sure registry config correct and keep your seata server running
17:01:31:470  INFO 13756 --- [main] o.s.c.openfeign.FeignClientFactoryBean   : For 'cart-service' URL not provided. Will try picking an instance via load-balancing.
17:01:32:774  INFO 13756 --- [main] com.alibaba.nacos.common.remote.client   : [RpcClientFactory] create a new rpc client of f1c3df16-d5e2-49ec-bec2-1ecfd060042d
17:01:32:774  INFO 13756 --- [main] com.alibaba.nacos.common.remote.client   : [f1c3df16-d5e2-49ec-bec2-1ecfd060042d] RpcClient init label, labels = {module=naming, source=sdk}
17:01:32:776  INFO 13756 --- [main] com.alibaba.nacos.common.remote.client   : [f1c3df16-d5e2-49ec-bec2-1ecfd060042d] RpcClient init, ServerListFactory = com.alibaba.nacos.client.naming.core.ServerListManager
17:01:32:776  INFO 13756 --- [main] com.alibaba.nacos.common.remote.client   : [f1c3df16-d5e2-49ec-bec2-1ecfd060042d] Registry connection listener to current client:com.alibaba.nacos.client.naming.remote.gprc.redo.NamingGrpcRedoService
17:01:32:776  INFO 13756 --- [main] com.alibaba.nacos.common.remote.client   : [f1c3df16-d5e2-49ec-bec2-1ecfd060042d] Register server push request handler:com.alibaba.nacos.client.naming.remote.gprc.NamingPushRequestHandler
17:01:32:776  INFO 13756 --- [main] com.alibaba.nacos.common.remote.client   : [f1c3df16-d5e2-49ec-bec2-1ecfd060042d] Try to connect to server on start up, server: {serverIp = '192.168.200.128', server main port = 8848}
17:01:32:891  INFO 13756 --- [main] com.alibaba.nacos.common.remote.client   : [f1c3df16-d5e2-49ec-bec2-1ecfd060042d] Success to connect to server [192.168.200.128:8848] on start up, connectionId = 1711184492397_192.168.200.10_52286
17:01:32:891  INFO 13756 --- [main] com.alibaba.nacos.common.remote.client   : [f1c3df16-d5e2-49ec-bec2-1ecfd060042d] Register server push request handler:com.alibaba.nacos.common.remote.client.RpcClient$ConnectResetRequestHandler
17:01:32:891  INFO 13756 --- [com.alibaba.nacos.client.remote.worker] com.alibaba.nacos.common.remote.client   : [f1c3df16-d5e2-49ec-bec2-1ecfd060042d] Notify connected event to listeners.
17:01:32:891  INFO 13756 --- [main] com.alibaba.nacos.common.remote.client   : [f1c3df16-d5e2-49ec-bec2-1ecfd060042d] Register server push request handler:com.alibaba.nacos.common.remote.client.RpcClient$$Lambda$471/0x0000000800423840
17:01:32:917  INFO 13756 --- [main] o.s.b.w.embedded.tomcat.TomcatWebServer  : Tomcat started on port(s): 8085 (http) with context path ''
17:01:32:937  INFO 13756 --- [main] c.a.c.n.registry.NacosServiceRegistry    : nacos registry, DEFAULT_GROUP trade-service 192.168.200.10:8085 register finished
17:01:33:157  INFO 13756 --- [main] o.s.a.r.c.CachingConnectionFactory       : Attempting to connect to: [192.168.200.128:5672]
17:01:33:196  INFO 13756 --- [main] o.s.a.r.c.CachingConnectionFactory       : Created new connection: rabbitConnectionFactory#2210af14:0/SimpleConnection@3df4cd96 [delegate=amqp://hmall@192.168.200.128:5672//hmall, localPort= 52289]
17:01:33:261  INFO 13756 --- [main] com.trade.TradeApplication               : Started TradeApplication in 9.39 seconds (JVM running for 11.2)
17:01:33:265  INFO 13756 --- [main] c.a.c.n.refresh.NacosContextRefresher    : [Nacos Config] Listening config: dataId=trade-service, group=DEFAULT_GROUP
17:01:33:267  INFO 13756 --- [main] c.a.c.n.refresh.NacosContextRefresher    : [Nacos Config] Listening config: dataId=trade-service-local.yaml, group=DEFAULT_GROUP
17:01:33:267  INFO 13756 --- [main] c.a.c.n.refresh.NacosContextRefresher    : [Nacos Config] Listening config: dataId=trade-service.yaml, group=DEFAULT_GROUP
17:01:33:455  INFO 13756 --- [nacos-grpc-client-executor-5] com.alibaba.nacos.common.remote.client   : [f1c3df16-d5e2-49ec-bec2-1ecfd060042d] Receive server push request, request = NotifySubscriberRequest, requestId = 2
17:01:33:463  INFO 13756 --- [nacos-grpc-client-executor-5] com.alibaba.nacos.common.remote.client   : [f1c3df16-d5e2-49ec-bec2-1ecfd060042d] Ack server push request, request = NotifySubscriberRequest, requestId = 2
17:02:28:343 ERROR 13756 --- [timeoutChecker_1_1] i.s.c.r.netty.NettyClientChannelManager  : no available service found in cluster 'default', please make sure registry config correct and keep your seata server running
17:02:29:442 ERROR 13756 --- [timeoutChecker_2_1] i.s.c.r.netty.NettyClientChannelManager  : no available service found in cluster 'default', please make sure registry config correct and keep your seata server running
17:02:38:341 ERROR 13756 --- [timeoutChecker_1_1] i.s.c.r.netty.NettyClientChannelManager  : no available service found in cluster 'default', please make sure registry config correct and keep your seata server running
17:02:39:441 ERROR 13756 --- [timeoutChecker_2_1] i.s.c.r.netty.NettyClientChannelManager  : no available service found in cluster 'default', please make sure registry config correct and keep your seata server running
17:02:48:338 ERROR 13756 --- [timeoutChecker_1_1] i.s.c.r.netty.NettyClientChannelManager  : no available service found in cluster 'default', please make sure registry config correct and keep your seata server running
17:02:49:440 ERROR 13756 --- [timeoutChecker_2_1] i.s.c.r.netty.NettyClientChannelManager  : no available service found in cluster 'default', please make sure registry config correct and keep your seata server running
17:02:58:339 ERROR 13756 --- [timeoutChecker_1_1] i.s.c.r.netty.NettyClientChannelManager  : no available service found in cluster 'default', please make sure registry config correct and keep your seata server running
17:02:59:439 ERROR 13756 --- [timeoutChecker_2_1] i.s.c.r.netty.NettyClientChannelManager  : no available service found in cluster 'default', please make sure registry config correct and keep your seata server running
17:03:08:341 ERROR 13756 --- [timeoutChecker_1_1] i.s.c.r.netty.NettyClientChannelManager  : no available service found in cluster 'default', please make sure registry config correct and keep your seata server running
17:03:09:451 ERROR 13756 --- [timeoutChecker_2_1] i.s.c.r.netty.NettyClientChannelManager  : no available service found in cluster 'default', please make sure registry config correct and keep your seata server running
17:03:17:787  WARN 13756 --- [Thread-1] c.a.n.common.http.HttpClientBeanHolder   : [HttpClientBeanHolder] Start destroying common HttpClient
17:03:17:787  WARN 13756 --- [Thread-5] c.a.nacos.common.notify.NotifyCenter     : [NotifyCenter] Start destroying Publisher
17:03:17:787  WARN 13756 --- [Thread-5] c.a.nacos.common.notify.NotifyCenter     : [NotifyCenter] Destruction of the end
17:03:17:788  WARN 13756 --- [Thread-1] c.a.n.common.http.HttpClientBeanHolder   : [HttpClientBeanHolder] Destruction of the end
17:03:17:793  INFO 13756 --- [org.springframework.amqp.rabbit.RabbitListenerEndpointContainer#0-2] o.s.a.r.l.SimpleMessageListenerContainer : Waiting for workers to finish.
17:03:17:993  INFO 13756 --- [org.springframework.amqp.rabbit.RabbitListenerEndpointContainer#0-2] o.s.a.r.l.SimpleMessageListenerContainer : Successfully waited for workers to finish.
17:03:18:183  INFO 13756 --- [SpringContextShutdownHook] c.a.c.n.registry.NacosServiceRegistry    : De-registering from Nacos Server now...
17:03:18:189  INFO 13756 --- [SpringContextShutdownHook] c.a.c.n.registry.NacosServiceRegistry    : De-registration finished.
17:03:18:341 ERROR 13756 --- [timeoutChecker_1_1] i.s.c.r.netty.NettyClientChannelManager  : no available service found in cluster 'default', please make sure registry config correct and keep your seata server running
17:03:18:509  INFO 13756 --- [SpringContextShutdownHook] com.alibaba.nacos.common.remote.client   : Shutdown rpc client, set status to shutdown
17:03:18:510  INFO 13756 --- [SpringContextShutdownHook] com.alibaba.nacos.common.remote.client   : Shutdown client event executor java.util.concurrent.ScheduledThreadPoolExecutor@3ac0c34[Running, pool size = 2, active threads = 2, queued tasks = 0, completed tasks = 0]
17:03:18:510  INFO 13756 --- [SpringContextShutdownHook] com.alibaba.nacos.common.remote.client   : Close current connection 1711184492397_192.168.200.10_52286
17:03:18:511  INFO 13756 --- [nacos-grpc-client-executor-30] c.a.n.c.remote.client.grpc.GrpcClient    : [1711184492397_192.168.200.10_52286]Ignore complete event,isRunning:false,isAbandon=false
17:03:18:512  INFO 13756 --- [SpringContextShutdownHook] c.a.n.c.remote.client.grpc.GrpcClient    : Shutdown grpc executor java.util.concurrent.ThreadPoolExecutor@58512c35[Running, pool size = 5, active threads = 0, queued tasks = 0, completed tasks = 31]
17:03:18:515  INFO 13756 --- [SpringContextShutdownHook] com.zaxxer.hikari.HikariDataSource       : HikariPool-1 - Shutdown initiated...
17:03:18:546  INFO 13756 --- [SpringContextShutdownHook] com.zaxxer.hikari.HikariDataSource       : HikariPool-1 - Shutdown completed.
17:03:18:547  INFO 13756 --- [SpringContextShutdownHook] o.s.a.r.l.SimpleMessageListenerContainer : Shutdown ignored - container is already stopped
17:04:41:266  INFO 8564 --- [main] com.trade.TradeApplication               : The following 1 profile is active: "local"
17:04:41:932  INFO 8564 --- [main] o.s.cloud.context.scope.GenericScope     : BeanFactory id=22602db3-f920-3c34-9557-e2c15d6f4f36
17:04:41:972  INFO 8564 --- [main] trationDelegate$BeanPostProcessorChecker : Bean 'io.seata.spring.boot.autoconfigure.SeataCoreAutoConfiguration' of type [io.seata.spring.boot.autoconfigure.SeataCoreAutoConfiguration] is not eligible for getting processed by all BeanPostProcessors (for example: not eligible for auto-proxying)
17:04:41:972  INFO 8564 --- [main] trationDelegate$BeanPostProcessorChecker : Bean 'springApplicationContextProvider' of type [io.seata.spring.boot.autoconfigure.provider.SpringApplicationContextProvider] is not eligible for getting processed by all BeanPostProcessors (for example: not eligible for auto-proxying)
17:04:41:973  INFO 8564 --- [main] trationDelegate$BeanPostProcessorChecker : Bean 'io.seata.spring.boot.autoconfigure.SeataAutoConfiguration' of type [io.seata.spring.boot.autoconfigure.SeataAutoConfiguration] is not eligible for getting processed by all BeanPostProcessors (for example: not eligible for auto-proxying)
17:04:41:992  INFO 8564 --- [main] trationDelegate$BeanPostProcessorChecker : Bean 'failureHandler' of type [io.seata.tm.api.DefaultFailureHandlerImpl] is not eligible for getting processed by all BeanPostProcessors (for example: not eligible for auto-proxying)
17:04:41:993  INFO 8564 --- [main] trationDelegate$BeanPostProcessorChecker : Bean 'org.springframework.cloud.commons.config.CommonsConfigAutoConfiguration' of type [org.springframework.cloud.commons.config.CommonsConfigAutoConfiguration] is not eligible for getting processed by all BeanPostProcessors (for example: not eligible for auto-proxying)
17:04:41:994  INFO 8564 --- [main] trationDelegate$BeanPostProcessorChecker : Bean 'org.springframework.cloud.client.loadbalancer.LoadBalancerDefaultMappingsProviderAutoConfiguration' of type [org.springframework.cloud.client.loadbalancer.LoadBalancerDefaultMappingsProviderAutoConfiguration] is not eligible for getting processed by all BeanPostProcessors (for example: not eligible for auto-proxying)
17:04:41:995  INFO 8564 --- [main] trationDelegate$BeanPostProcessorChecker : Bean 'loadBalancerClientsDefaultsMappingsProvider' of type [org.springframework.cloud.client.loadbalancer.LoadBalancerDefaultMappingsProviderAutoConfiguration$$Lambda$565/0x000000080063c840] is not eligible for getting processed by all BeanPostProcessors (for example: not eligible for auto-proxying)
17:04:41:995  INFO 8564 --- [main] trationDelegate$BeanPostProcessorChecker : Bean 'defaultsBindHandlerAdvisor' of type [org.springframework.cloud.commons.config.DefaultsBindHandlerAdvisor] is not eligible for getting processed by all BeanPostProcessors (for example: not eligible for auto-proxying)
17:04:41:997  INFO 8564 --- [main] trationDelegate$BeanPostProcessorChecker : Bean 'springCloudAlibabaConfiguration' of type [io.seata.spring.boot.autoconfigure.properties.SpringCloudAlibabaConfiguration] is not eligible for getting processed by all BeanPostProcessors (for example: not eligible for auto-proxying)
17:04:41:998  INFO 8564 --- [main] trationDelegate$BeanPostProcessorChecker : Bean 'seataProperties' of type [io.seata.spring.boot.autoconfigure.properties.SeataProperties] is not eligible for getting processed by all BeanPostProcessors (for example: not eligible for auto-proxying)
17:04:42:000  INFO 8564 --- [main] i.s.s.b.a.SeataAutoConfiguration         : Automatically configure Seata
17:04:42:037  INFO 8564 --- [main] io.seata.config.ConfigurationFactory     : load Configuration from :Spring Configuration
17:04:42:040  INFO 8564 --- [main] io.seata.config.ConfigurationFactory     : load Configuration from :Spring Configuration
17:04:42:076  INFO 8564 --- [main] i.s.s.a.GlobalTransactionScanner         : Initializing Global Transaction Clients ... 
17:04:42:121  INFO 8564 --- [main] i.s.core.rpc.netty.NettyClientBootstrap  : NettyClientBootstrap has started
17:04:42:135 ERROR 8564 --- [main] i.s.c.r.netty.NettyClientChannelManager  : can not get cluster name in registry config 'service.vgroupMapping.default_tx_group', please make sure registry config correct
17:04:42:135  INFO 8564 --- [main] i.s.s.a.GlobalTransactionScanner         : Transaction Manager Client is initialized. applicationId[trade-service] txServiceGroup[default_tx_group]
17:04:42:141  INFO 8564 --- [main] io.seata.rm.datasource.AsyncWorker       : Async Commit Buffer Limit: 10000
17:04:42:142  INFO 8564 --- [main] i.s.rm.datasource.xa.ResourceManagerXA   : ResourceManagerXA init ...
17:04:42:146  INFO 8564 --- [main] i.s.core.rpc.netty.NettyClientBootstrap  : NettyClientBootstrap has started
17:04:42:146  INFO 8564 --- [main] i.s.s.a.GlobalTransactionScanner         : Resource Manager is initialized. applicationId[trade-service] txServiceGroup[default_tx_group]
17:04:42:146  INFO 8564 --- [main] i.s.s.a.GlobalTransactionScanner         : Global Transaction Clients are initialized. 
17:04:42:148  INFO 8564 --- [main] trationDelegate$BeanPostProcessorChecker : Bean 'io.seata.spring.boot.autoconfigure.SeataDataSourceAutoConfiguration' of type [io.seata.spring.boot.autoconfigure.SeataDataSourceAutoConfiguration] is not eligible for getting processed by all BeanPostProcessors (for example: not eligible for auto-proxying)
17:04:42:209  INFO 8564 --- [main] trationDelegate$BeanPostProcessorChecker : Bean 'com.alibaba.cloud.seata.feign.SeataFeignClientAutoConfiguration$FeignBeanPostProcessorConfiguration' of type [com.alibaba.cloud.seata.feign.SeataFeignClientAutoConfiguration$FeignBeanPostProcessorConfiguration] is not eligible for getting processed by all BeanPostProcessors (for example: not eligible for auto-proxying)
17:04:42:211  INFO 8564 --- [main] trationDelegate$BeanPostProcessorChecker : Bean 'seataFeignObjectWrapper' of type [com.alibaba.cloud.seata.feign.SeataFeignObjectWrapper] is not eligible for getting processed by all BeanPostProcessors (for example: not eligible for auto-proxying)
17:04:42:378  INFO 8564 --- [main] o.s.b.w.embedded.tomcat.TomcatWebServer  : Tomcat initialized with port(s): 8085 (http)
17:04:42:385  INFO 8564 --- [main] o.apache.catalina.core.StandardService   : Starting service [Tomcat]
17:04:42:385  INFO 8564 --- [main] org.apache.catalina.core.StandardEngine  : Starting Servlet engine: [Apache Tomcat/9.0.75]
17:04:42:540  INFO 8564 --- [main] o.a.c.c.C.[Tomcat].[localhost].[/]       : Initializing Spring embedded WebApplicationContext
17:04:42:540  INFO 8564 --- [main] w.s.c.ServletWebServerApplicationContext : Root WebApplicationContext: initialization completed in 1255 ms
17:04:42:686  INFO 8564 --- [main] o.s.c.openfeign.FeignClientFactoryBean   : For 'item-service' URL not provided. Will try picking an instance via load-balancing.
17:04:42:830  INFO 8564 --- [main] com.zaxxer.hikari.HikariDataSource       : HikariPool-1 - Starting...
17:04:43:041  INFO 8564 --- [main] com.zaxxer.hikari.HikariDataSource       : HikariPool-1 - Start completed.
17:04:43:109 ERROR 8564 --- [main] i.s.c.r.netty.NettyClientChannelManager  : can not get cluster name in registry config 'service.vgroupMapping.default_tx_group', please make sure registry config correct
17:04:43:808  INFO 8564 --- [main] o.s.c.openfeign.FeignClientFactoryBean   : For 'cart-service' URL not provided. Will try picking an instance via load-balancing.
17:04:44:870  INFO 8564 --- [main] com.alibaba.nacos.common.remote.client   : [RpcClientFactory] create a new rpc client of 2291f3b8-a58b-4244-a5c3-e5b3ef2d5f6f
17:04:44:870  INFO 8564 --- [main] com.alibaba.nacos.common.remote.client   : [2291f3b8-a58b-4244-a5c3-e5b3ef2d5f6f] RpcClient init label, labels = {module=naming, source=sdk}
17:04:44:871  INFO 8564 --- [main] com.alibaba.nacos.common.remote.client   : [2291f3b8-a58b-4244-a5c3-e5b3ef2d5f6f] RpcClient init, ServerListFactory = com.alibaba.nacos.client.naming.core.ServerListManager
17:04:44:871  INFO 8564 --- [main] com.alibaba.nacos.common.remote.client   : [2291f3b8-a58b-4244-a5c3-e5b3ef2d5f6f] Registry connection listener to current client:com.alibaba.nacos.client.naming.remote.gprc.redo.NamingGrpcRedoService
17:04:44:872  INFO 8564 --- [main] com.alibaba.nacos.common.remote.client   : [2291f3b8-a58b-4244-a5c3-e5b3ef2d5f6f] Register server push request handler:com.alibaba.nacos.client.naming.remote.gprc.NamingPushRequestHandler
17:04:44:872  INFO 8564 --- [main] com.alibaba.nacos.common.remote.client   : [2291f3b8-a58b-4244-a5c3-e5b3ef2d5f6f] Try to connect to server on start up, server: {serverIp = '192.168.200.128', server main port = 8848}
17:04:44:998  INFO 8564 --- [main] com.alibaba.nacos.common.remote.client   : [2291f3b8-a58b-4244-a5c3-e5b3ef2d5f6f] Success to connect to server [192.168.200.128:8848] on start up, connectionId = 1711184684489_192.168.200.10_52405
17:04:44:998  INFO 8564 --- [main] com.alibaba.nacos.common.remote.client   : [2291f3b8-a58b-4244-a5c3-e5b3ef2d5f6f] Register server push request handler:com.alibaba.nacos.common.remote.client.RpcClient$ConnectResetRequestHandler
17:04:44:998  INFO 8564 --- [main] com.alibaba.nacos.common.remote.client   : [2291f3b8-a58b-4244-a5c3-e5b3ef2d5f6f] Register server push request handler:com.alibaba.nacos.common.remote.client.RpcClient$$Lambda$471/0x0000000800423c40
17:04:44:998  INFO 8564 --- [com.alibaba.nacos.client.remote.worker] com.alibaba.nacos.common.remote.client   : [2291f3b8-a58b-4244-a5c3-e5b3ef2d5f6f] Notify connected event to listeners.
17:04:45:056  INFO 8564 --- [main] o.s.b.w.embedded.tomcat.TomcatWebServer  : Tomcat started on port(s): 8085 (http) with context path ''
17:04:45:066  INFO 8564 --- [main] c.a.c.n.registry.NacosServiceRegistry    : nacos registry, DEFAULT_GROUP trade-service 192.168.200.10:8085 register finished
17:04:45:299  INFO 8564 --- [main] o.s.a.r.c.CachingConnectionFactory       : Attempting to connect to: [192.168.200.128:5672]
17:04:45:328  INFO 8564 --- [main] o.s.a.r.c.CachingConnectionFactory       : Created new connection: rabbitConnectionFactory#5dc7881d:0/SimpleConnection@e280006 [delegate=amqp://hmall@192.168.200.128:5672//hmall, localPort= 52408]
17:04:45:379  INFO 8564 --- [main] com.trade.TradeApplication               : Started TradeApplication in 6.701 seconds (JVM running for 7.813)
17:04:45:384  INFO 8564 --- [main] c.a.c.n.refresh.NacosContextRefresher    : [Nacos Config] Listening config: dataId=trade-service, group=DEFAULT_GROUP
17:04:45:385  INFO 8564 --- [main] c.a.c.n.refresh.NacosContextRefresher    : [Nacos Config] Listening config: dataId=trade-service-local.yaml, group=DEFAULT_GROUP
17:04:45:385  INFO 8564 --- [main] c.a.c.n.refresh.NacosContextRefresher    : [Nacos Config] Listening config: dataId=trade-service.yaml, group=DEFAULT_GROUP
17:04:45:533  INFO 8564 --- [nacos-grpc-client-executor-5] com.alibaba.nacos.common.remote.client   : [2291f3b8-a58b-4244-a5c3-e5b3ef2d5f6f] Receive server push request, request = NotifySubscriberRequest, requestId = 3
17:04:45:542  INFO 8564 --- [nacos-grpc-client-executor-5] com.alibaba.nacos.common.remote.client   : [2291f3b8-a58b-4244-a5c3-e5b3ef2d5f6f] Ack server push request, request = NotifySubscriberRequest, requestId = 3
17:05:42:118 ERROR 8564 --- [timeoutChecker_1_1] i.s.c.r.netty.NettyClientChannelManager  : can not get cluster name in registry config 'service.vgroupMapping.default_tx_group', please make sure registry config correct
17:05:42:152 ERROR 8564 --- [timeoutChecker_2_1] i.s.c.r.netty.NettyClientChannelManager  : can not get cluster name in registry config 'service.vgroupMapping.default_tx_group', please make sure registry config correct
17:05:52:118 ERROR 8564 --- [timeoutChecker_1_1] i.s.c.r.netty.NettyClientChannelManager  : can not get cluster name in registry config 'service.vgroupMapping.default_tx_group', please make sure registry config correct
17:05:52:149 ERROR 8564 --- [timeoutChecker_2_1] i.s.c.r.netty.NettyClientChannelManager  : can not get cluster name in registry config 'service.vgroupMapping.default_tx_group', please make sure registry config correct
17:06:02:130 ERROR 8564 --- [timeoutChecker_1_1] i.s.c.r.netty.NettyClientChannelManager  : can not get cluster name in registry config 'service.vgroupMapping.default_tx_group', please make sure registry config correct
17:06:02:148 ERROR 8564 --- [timeoutChecker_2_1] i.s.c.r.netty.NettyClientChannelManager  : can not get cluster name in registry config 'service.vgroupMapping.default_tx_group', please make sure registry config correct
17:06:12:153 ERROR 8564 --- [timeoutChecker_1_1] i.s.c.r.netty.NettyClientChannelManager  : can not get cluster name in registry config 'service.vgroupMapping.default_tx_group', please make sure registry config correct
17:06:12:154 ERROR 8564 --- [timeoutChecker_2_1] i.s.c.r.netty.NettyClientChannelManager  : can not get cluster name in registry config 'service.vgroupMapping.default_tx_group', please make sure registry config correct
17:06:22:129 ERROR 8564 --- [timeoutChecker_1_1] i.s.c.r.netty.NettyClientChannelManager  : can not get cluster name in registry config 'service.vgroupMapping.default_tx_group', please make sure registry config correct
17:06:22:160 ERROR 8564 --- [timeoutChecker_2_1] i.s.c.r.netty.NettyClientChannelManager  : can not get cluster name in registry config 'service.vgroupMapping.default_tx_group', please make sure registry config correct
17:06:32:129 ERROR 8564 --- [timeoutChecker_1_1] i.s.c.r.netty.NettyClientChannelManager  : can not get cluster name in registry config 'service.vgroupMapping.default_tx_group', please make sure registry config correct
17:06:32:159 ERROR 8564 --- [timeoutChecker_2_1] i.s.c.r.netty.NettyClientChannelManager  : can not get cluster name in registry config 'service.vgroupMapping.default_tx_group', please make sure registry config correct
17:06:42:122 ERROR 8564 --- [timeoutChecker_1_1] i.s.c.r.netty.NettyClientChannelManager  : can not get cluster name in registry config 'service.vgroupMapping.default_tx_group', please make sure registry config correct
17:06:42:152 ERROR 8564 --- [timeoutChecker_2_1] i.s.c.r.netty.NettyClientChannelManager  : can not get cluster name in registry config 'service.vgroupMapping.default_tx_group', please make sure registry config correct
17:06:52:123 ERROR 8564 --- [timeoutChecker_1_1] i.s.c.r.netty.NettyClientChannelManager  : can not get cluster name in registry config 'service.vgroupMapping.default_tx_group', please make sure registry config correct
17:06:52:154 ERROR 8564 --- [timeoutChecker_2_1] i.s.c.r.netty.NettyClientChannelManager  : can not get cluster name in registry config 'service.vgroupMapping.default_tx_group', please make sure registry config correct
17:07:02:125 ERROR 8564 --- [timeoutChecker_1_1] i.s.c.r.netty.NettyClientChannelManager  : can not get cluster name in registry config 'service.vgroupMapping.default_tx_group', please make sure registry config correct
17:07:02:158 ERROR 8564 --- [timeoutChecker_2_1] i.s.c.r.netty.NettyClientChannelManager  : can not get cluster name in registry config 'service.vgroupMapping.default_tx_group', please make sure registry config correct
17:07:12:124 ERROR 8564 --- [timeoutChecker_1_1] i.s.c.r.netty.NettyClientChannelManager  : can not get cluster name in registry config 'service.vgroupMapping.default_tx_group', please make sure registry config correct
17:07:12:158 ERROR 8564 --- [timeoutChecker_2_1] i.s.c.r.netty.NettyClientChannelManager  : can not get cluster name in registry config 'service.vgroupMapping.default_tx_group', please make sure registry config correct
17:07:22:125 ERROR 8564 --- [timeoutChecker_1_1] i.s.c.r.netty.NettyClientChannelManager  : can not get cluster name in registry config 'service.vgroupMapping.default_tx_group', please make sure registry config correct
17:07:22:156 ERROR 8564 --- [timeoutChecker_2_1] i.s.c.r.netty.NettyClientChannelManager  : can not get cluster name in registry config 'service.vgroupMapping.default_tx_group', please make sure registry config correct
17:07:32:124 ERROR 8564 --- [timeoutChecker_1_1] i.s.c.r.netty.NettyClientChannelManager  : can not get cluster name in registry config 'service.vgroupMapping.default_tx_group', please make sure registry config correct
17:07:32:159 ERROR 8564 --- [timeoutChecker_2_1] i.s.c.r.netty.NettyClientChannelManager  : can not get cluster name in registry config 'service.vgroupMapping.default_tx_group', please make sure registry config correct
17:07:42:120 ERROR 8564 --- [timeoutChecker_1_1] i.s.c.r.netty.NettyClientChannelManager  : can not get cluster name in registry config 'service.vgroupMapping.default_tx_group', please make sure registry config correct
17:07:42:151 ERROR 8564 --- [timeoutChecker_2_1] i.s.c.r.netty.NettyClientChannelManager  : can not get cluster name in registry config 'service.vgroupMapping.default_tx_group', please make sure registry config correct
17:07:52:120 ERROR 8564 --- [timeoutChecker_1_1] i.s.c.r.netty.NettyClientChannelManager  : can not get cluster name in registry config 'service.vgroupMapping.default_tx_group', please make sure registry config correct
17:07:52:150 ERROR 8564 --- [timeoutChecker_2_1] i.s.c.r.netty.NettyClientChannelManager  : can not get cluster name in registry config 'service.vgroupMapping.default_tx_group', please make sure registry config correct
17:08:02:118 ERROR 8564 --- [timeoutChecker_1_1] i.s.c.r.netty.NettyClientChannelManager  : can not get cluster name in registry config 'service.vgroupMapping.default_tx_group', please make sure registry config correct
17:08:02:150 ERROR 8564 --- [timeoutChecker_2_1] i.s.c.r.netty.NettyClientChannelManager  : can not get cluster name in registry config 'service.vgroupMapping.default_tx_group', please make sure registry config correct
17:08:12:122 ERROR 8564 --- [timeoutChecker_1_1] i.s.c.r.netty.NettyClientChannelManager  : can not get cluster name in registry config 'service.vgroupMapping.default_tx_group', please make sure registry config correct
17:08:12:154 ERROR 8564 --- [timeoutChecker_2_1] i.s.c.r.netty.NettyClientChannelManager  : can not get cluster name in registry config 'service.vgroupMapping.default_tx_group', please make sure registry config correct
17:08:22:123 ERROR 8564 --- [timeoutChecker_1_1] i.s.c.r.netty.NettyClientChannelManager  : can not get cluster name in registry config 'service.vgroupMapping.default_tx_group', please make sure registry config correct
17:08:22:154 ERROR 8564 --- [timeoutChecker_2_1] i.s.c.r.netty.NettyClientChannelManager  : can not get cluster name in registry config 'service.vgroupMapping.default_tx_group', please make sure registry config correct
17:08:32:130 ERROR 8564 --- [timeoutChecker_1_1] i.s.c.r.netty.NettyClientChannelManager  : can not get cluster name in registry config 'service.vgroupMapping.default_tx_group', please make sure registry config correct
17:08:32:147 ERROR 8564 --- [timeoutChecker_2_1] i.s.c.r.netty.NettyClientChannelManager  : can not get cluster name in registry config 'service.vgroupMapping.default_tx_group', please make sure registry config correct
17:08:42:127 ERROR 8564 --- [timeoutChecker_1_1] i.s.c.r.netty.NettyClientChannelManager  : can not get cluster name in registry config 'service.vgroupMapping.default_tx_group', please make sure registry config correct
17:08:42:162 ERROR 8564 --- [timeoutChecker_2_1] i.s.c.r.netty.NettyClientChannelManager  : can not get cluster name in registry config 'service.vgroupMapping.default_tx_group', please make sure registry config correct
17:08:52:127 ERROR 8564 --- [timeoutChecker_1_1] i.s.c.r.netty.NettyClientChannelManager  : can not get cluster name in registry config 'service.vgroupMapping.default_tx_group', please make sure registry config correct
17:08:52:160 ERROR 8564 --- [timeoutChecker_2_1] i.s.c.r.netty.NettyClientChannelManager  : can not get cluster name in registry config 'service.vgroupMapping.default_tx_group', please make sure registry config correct
17:09:02:127 ERROR 8564 --- [timeoutChecker_1_1] i.s.c.r.netty.NettyClientChannelManager  : can not get cluster name in registry config 'service.vgroupMapping.default_tx_group', please make sure registry config correct
17:09:02:160 ERROR 8564 --- [timeoutChecker_2_1] i.s.c.r.netty.NettyClientChannelManager  : can not get cluster name in registry config 'service.vgroupMapping.default_tx_group', please make sure registry config correct
17:09:12:125 ERROR 8564 --- [timeoutChecker_1_1] i.s.c.r.netty.NettyClientChannelManager  : can not get cluster name in registry config 'service.vgroupMapping.default_tx_group', please make sure registry config correct
17:09:12:159 ERROR 8564 --- [timeoutChecker_2_1] i.s.c.r.netty.NettyClientChannelManager  : can not get cluster name in registry config 'service.vgroupMapping.default_tx_group', please make sure registry config correct
17:09:22:125 ERROR 8564 --- [timeoutChecker_1_1] i.s.c.r.netty.NettyClientChannelManager  : can not get cluster name in registry config 'service.vgroupMapping.default_tx_group', please make sure registry config correct
17:09:22:157 ERROR 8564 --- [timeoutChecker_2_1] i.s.c.r.netty.NettyClientChannelManager  : can not get cluster name in registry config 'service.vgroupMapping.default_tx_group', please make sure registry config correct
17:09:32:123 ERROR 8564 --- [timeoutChecker_1_1] i.s.c.r.netty.NettyClientChannelManager  : can not get cluster name in registry config 'service.vgroupMapping.default_tx_group', please make sure registry config correct
17:09:32:157 ERROR 8564 --- [timeoutChecker_2_1] i.s.c.r.netty.NettyClientChannelManager  : can not get cluster name in registry config 'service.vgroupMapping.default_tx_group', please make sure registry config correct
17:09:42:118 ERROR 8564 --- [timeoutChecker_1_1] i.s.c.r.netty.NettyClientChannelManager  : can not get cluster name in registry config 'service.vgroupMapping.default_tx_group', please make sure registry config correct
17:09:42:152 ERROR 8564 --- [timeoutChecker_2_1] i.s.c.r.netty.NettyClientChannelManager  : can not get cluster name in registry config 'service.vgroupMapping.default_tx_group', please make sure registry config correct
17:09:52:121 ERROR 8564 --- [timeoutChecker_1_1] i.s.c.r.netty.NettyClientChannelManager  : can not get cluster name in registry config 'service.vgroupMapping.default_tx_group', please make sure registry config correct
17:09:52:153 ERROR 8564 --- [timeoutChecker_2_1] i.s.c.r.netty.NettyClientChannelManager  : can not get cluster name in registry config 'service.vgroupMapping.default_tx_group', please make sure registry config correct
17:10:02:119 ERROR 8564 --- [timeoutChecker_1_1] i.s.c.r.netty.NettyClientChannelManager  : can not get cluster name in registry config 'service.vgroupMapping.default_tx_group', please make sure registry config correct
17:10:02:152 ERROR 8564 --- [timeoutChecker_2_1] i.s.c.r.netty.NettyClientChannelManager  : can not get cluster name in registry config 'service.vgroupMapping.default_tx_group', please make sure registry config correct
17:10:12:122 ERROR 8564 --- [timeoutChecker_1_1] i.s.c.r.netty.NettyClientChannelManager  : can not get cluster name in registry config 'service.vgroupMapping.default_tx_group', please make sure registry config correct
17:10:12:170 ERROR 8564 --- [timeoutChecker_2_1] i.s.c.r.netty.NettyClientChannelManager  : can not get cluster name in registry config 'service.vgroupMapping.default_tx_group', please make sure registry config correct
17:10:22:122 ERROR 8564 --- [timeoutChecker_1_1] i.s.c.r.netty.NettyClientChannelManager  : can not get cluster name in registry config 'service.vgroupMapping.default_tx_group', please make sure registry config correct
17:10:22:154 ERROR 8564 --- [timeoutChecker_2_1] i.s.c.r.netty.NettyClientChannelManager  : can not get cluster name in registry config 'service.vgroupMapping.default_tx_group', please make sure registry config correct
17:10:32:120 ERROR 8564 --- [timeoutChecker_1_1] i.s.c.r.netty.NettyClientChannelManager  : can not get cluster name in registry config 'service.vgroupMapping.default_tx_group', please make sure registry config correct
17:10:32:152 ERROR 8564 --- [timeoutChecker_2_1] i.s.c.r.netty.NettyClientChannelManager  : can not get cluster name in registry config 'service.vgroupMapping.default_tx_group', please make sure registry config correct
17:10:42:129 ERROR 8564 --- [timeoutChecker_1_1] i.s.c.r.netty.NettyClientChannelManager  : can not get cluster name in registry config 'service.vgroupMapping.default_tx_group', please make sure registry config correct
17:10:42:162 ERROR 8564 --- [timeoutChecker_2_1] i.s.c.r.netty.NettyClientChannelManager  : can not get cluster name in registry config 'service.vgroupMapping.default_tx_group', please make sure registry config correct
17:10:52:127 ERROR 8564 --- [timeoutChecker_1_1] i.s.c.r.netty.NettyClientChannelManager  : can not get cluster name in registry config 'service.vgroupMapping.default_tx_group', please make sure registry config correct
17:10:52:161 ERROR 8564 --- [timeoutChecker_2_1] i.s.c.r.netty.NettyClientChannelManager  : can not get cluster name in registry config 'service.vgroupMapping.default_tx_group', please make sure registry config correct
17:11:02:128 ERROR 8564 --- [timeoutChecker_1_1] i.s.c.r.netty.NettyClientChannelManager  : can not get cluster name in registry config 'service.vgroupMapping.default_tx_group', please make sure registry config correct
17:11:02:161 ERROR 8564 --- [timeoutChecker_2_1] i.s.c.r.netty.NettyClientChannelManager  : can not get cluster name in registry config 'service.vgroupMapping.default_tx_group', please make sure registry config correct
17:11:12:123 ERROR 8564 --- [timeoutChecker_1_1] i.s.c.r.netty.NettyClientChannelManager  : can not get cluster name in registry config 'service.vgroupMapping.default_tx_group', please make sure registry config correct
17:11:12:155 ERROR 8564 --- [timeoutChecker_2_1] i.s.c.r.netty.NettyClientChannelManager  : can not get cluster name in registry config 'service.vgroupMapping.default_tx_group', please make sure registry config correct
17:11:22:123 ERROR 8564 --- [timeoutChecker_1_1] i.s.c.r.netty.NettyClientChannelManager  : can not get cluster name in registry config 'service.vgroupMapping.default_tx_group', please make sure registry config correct
17:11:22:159 ERROR 8564 --- [timeoutChecker_2_1] i.s.c.r.netty.NettyClientChannelManager  : can not get cluster name in registry config 'service.vgroupMapping.default_tx_group', please make sure registry config correct
17:11:32:124 ERROR 8564 --- [timeoutChecker_1_1] i.s.c.r.netty.NettyClientChannelManager  : can not get cluster name in registry config 'service.vgroupMapping.default_tx_group', please make sure registry config correct
17:11:32:157 ERROR 8564 --- [timeoutChecker_2_1] i.s.c.r.netty.NettyClientChannelManager  : can not get cluster name in registry config 'service.vgroupMapping.default_tx_group', please make sure registry config correct
17:11:42:123 ERROR 8564 --- [timeoutChecker_1_1] i.s.c.r.netty.NettyClientChannelManager  : can not get cluster name in registry config 'service.vgroupMapping.default_tx_group', please make sure registry config correct
17:11:42:156 ERROR 8564 --- [timeoutChecker_2_1] i.s.c.r.netty.NettyClientChannelManager  : can not get cluster name in registry config 'service.vgroupMapping.default_tx_group', please make sure registry config correct
17:11:52:121 ERROR 8564 --- [timeoutChecker_1_1] i.s.c.r.netty.NettyClientChannelManager  : can not get cluster name in registry config 'service.vgroupMapping.default_tx_group', please make sure registry config correct
17:11:52:155 ERROR 8564 --- [timeoutChecker_2_1] i.s.c.r.netty.NettyClientChannelManager  : can not get cluster name in registry config 'service.vgroupMapping.default_tx_group', please make sure registry config correct
17:12:02:120 ERROR 8564 --- [timeoutChecker_1_1] i.s.c.r.netty.NettyClientChannelManager  : can not get cluster name in registry config 'service.vgroupMapping.default_tx_group', please make sure registry config correct
17:12:02:164 ERROR 8564 --- [timeoutChecker_2_1] i.s.c.r.netty.NettyClientChannelManager  : can not get cluster name in registry config 'service.vgroupMapping.default_tx_group', please make sure registry config correct
17:12:12:118 ERROR 8564 --- [timeoutChecker_1_1] i.s.c.r.netty.NettyClientChannelManager  : can not get cluster name in registry config 'service.vgroupMapping.default_tx_group', please make sure registry config correct
17:12:12:152 ERROR 8564 --- [timeoutChecker_2_1] i.s.c.r.netty.NettyClientChannelManager  : can not get cluster name in registry config 'service.vgroupMapping.default_tx_group', please make sure registry config correct
17:12:22:118 ERROR 8564 --- [timeoutChecker_1_1] i.s.c.r.netty.NettyClientChannelManager  : can not get cluster name in registry config 'service.vgroupMapping.default_tx_group', please make sure registry config correct
17:12:22:149 ERROR 8564 --- [timeoutChecker_2_1] i.s.c.r.netty.NettyClientChannelManager  : can not get cluster name in registry config 'service.vgroupMapping.default_tx_group', please make sure registry config correct
17:12:32:131 ERROR 8564 --- [timeoutChecker_1_1] i.s.c.r.netty.NettyClientChannelManager  : can not get cluster name in registry config 'service.vgroupMapping.default_tx_group', please make sure registry config correct
17:12:32:147 ERROR 8564 --- [timeoutChecker_2_1] i.s.c.r.netty.NettyClientChannelManager  : can not get cluster name in registry config 'service.vgroupMapping.default_tx_group', please make sure registry config correct
17:12:42:132 ERROR 8564 --- [timeoutChecker_1_1] i.s.c.r.netty.NettyClientChannelManager  : can not get cluster name in registry config 'service.vgroupMapping.default_tx_group', please make sure registry config correct
17:12:42:149 ERROR 8564 --- [timeoutChecker_2_1] i.s.c.r.netty.NettyClientChannelManager  : can not get cluster name in registry config 'service.vgroupMapping.default_tx_group', please make sure registry config correct
17:12:52:130 ERROR 8564 --- [timeoutChecker_1_1] i.s.c.r.netty.NettyClientChannelManager  : can not get cluster name in registry config 'service.vgroupMapping.default_tx_group', please make sure registry config correct
17:12:52:148 ERROR 8564 --- [timeoutChecker_2_1] i.s.c.r.netty.NettyClientChannelManager  : can not get cluster name in registry config 'service.vgroupMapping.default_tx_group', please make sure registry config correct
17:13:02:129 ERROR 8564 --- [timeoutChecker_1_1] i.s.c.r.netty.NettyClientChannelManager  : can not get cluster name in registry config 'service.vgroupMapping.default_tx_group', please make sure registry config correct
17:13:02:148 ERROR 8564 --- [timeoutChecker_2_1] i.s.c.r.netty.NettyClientChannelManager  : can not get cluster name in registry config 'service.vgroupMapping.default_tx_group', please make sure registry config correct
17:13:12:127 ERROR 8564 --- [timeoutChecker_1_1] i.s.c.r.netty.NettyClientChannelManager  : can not get cluster name in registry config 'service.vgroupMapping.default_tx_group', please make sure registry config correct
17:13:12:161 ERROR 8564 --- [timeoutChecker_2_1] i.s.c.r.netty.NettyClientChannelManager  : can not get cluster name in registry config 'service.vgroupMapping.default_tx_group', please make sure registry config correct
17:13:22:126 ERROR 8564 --- [timeoutChecker_1_1] i.s.c.r.netty.NettyClientChannelManager  : can not get cluster name in registry config 'service.vgroupMapping.default_tx_group', please make sure registry config correct
17:13:22:156 ERROR 8564 --- [timeoutChecker_2_1] i.s.c.r.netty.NettyClientChannelManager  : can not get cluster name in registry config 'service.vgroupMapping.default_tx_group', please make sure registry config correct
17:13:32:124 ERROR 8564 --- [timeoutChecker_1_1] i.s.c.r.netty.NettyClientChannelManager  : can not get cluster name in registry config 'service.vgroupMapping.default_tx_group', please make sure registry config correct
17:13:32:158 ERROR 8564 --- [timeoutChecker_2_1] i.s.c.r.netty.NettyClientChannelManager  : can not get cluster name in registry config 'service.vgroupMapping.default_tx_group', please make sure registry config correct
17:13:42:134 ERROR 8564 --- [timeoutChecker_1_1] i.s.c.r.netty.NettyClientChannelManager  : can not get cluster name in registry config 'service.vgroupMapping.default_tx_group', please make sure registry config correct
17:13:42:158 ERROR 8564 --- [timeoutChecker_2_1] i.s.c.r.netty.NettyClientChannelManager  : can not get cluster name in registry config 'service.vgroupMapping.default_tx_group', please make sure registry config correct
17:13:52:123 ERROR 8564 --- [timeoutChecker_1_1] i.s.c.r.netty.NettyClientChannelManager  : can not get cluster name in registry config 'service.vgroupMapping.default_tx_group', please make sure registry config correct
17:13:52:154 ERROR 8564 --- [timeoutChecker_2_1] i.s.c.r.netty.NettyClientChannelManager  : can not get cluster name in registry config 'service.vgroupMapping.default_tx_group', please make sure registry config correct
17:14:02:121 ERROR 8564 --- [timeoutChecker_1_1] i.s.c.r.netty.NettyClientChannelManager  : can not get cluster name in registry config 'service.vgroupMapping.default_tx_group', please make sure registry config correct
17:14:02:153 ERROR 8564 --- [timeoutChecker_2_1] i.s.c.r.netty.NettyClientChannelManager  : can not get cluster name in registry config 'service.vgroupMapping.default_tx_group', please make sure registry config correct
17:14:12:121 ERROR 8564 --- [timeoutChecker_1_1] i.s.c.r.netty.NettyClientChannelManager  : can not get cluster name in registry config 'service.vgroupMapping.default_tx_group', please make sure registry config correct
17:14:12:154 ERROR 8564 --- [timeoutChecker_2_1] i.s.c.r.netty.NettyClientChannelManager  : can not get cluster name in registry config 'service.vgroupMapping.default_tx_group', please make sure registry config correct
17:14:22:118 ERROR 8564 --- [timeoutChecker_1_1] i.s.c.r.netty.NettyClientChannelManager  : can not get cluster name in registry config 'service.vgroupMapping.default_tx_group', please make sure registry config correct
17:14:22:149 ERROR 8564 --- [timeoutChecker_2_1] i.s.c.r.netty.NettyClientChannelManager  : can not get cluster name in registry config 'service.vgroupMapping.default_tx_group', please make sure registry config correct
17:14:32:134 ERROR 8564 --- [timeoutChecker_1_1] i.s.c.r.netty.NettyClientChannelManager  : can not get cluster name in registry config 'service.vgroupMapping.default_tx_group', please make sure registry config correct
17:14:32:151 ERROR 8564 --- [timeoutChecker_2_1] i.s.c.r.netty.NettyClientChannelManager  : can not get cluster name in registry config 'service.vgroupMapping.default_tx_group', please make sure registry config correct
17:14:42:133 ERROR 8564 --- [timeoutChecker_1_1] i.s.c.r.netty.NettyClientChannelManager  : can not get cluster name in registry config 'service.vgroupMapping.default_tx_group', please make sure registry config correct
17:14:42:150 ERROR 8564 --- [timeoutChecker_2_1] i.s.c.r.netty.NettyClientChannelManager  : can not get cluster name in registry config 'service.vgroupMapping.default_tx_group', please make sure registry config correct
17:14:52:131 ERROR 8564 --- [timeoutChecker_1_1] i.s.c.r.netty.NettyClientChannelManager  : can not get cluster name in registry config 'service.vgroupMapping.default_tx_group', please make sure registry config correct
17:14:52:149 ERROR 8564 --- [timeoutChecker_2_1] i.s.c.r.netty.NettyClientChannelManager  : can not get cluster name in registry config 'service.vgroupMapping.default_tx_group', please make sure registry config correct
17:15:02:119 ERROR 8564 --- [timeoutChecker_1_1] i.s.c.r.netty.NettyClientChannelManager  : can not get cluster name in registry config 'service.vgroupMapping.default_tx_group', please make sure registry config correct
17:15:02:152 ERROR 8564 --- [timeoutChecker_2_1] i.s.c.r.netty.NettyClientChannelManager  : can not get cluster name in registry config 'service.vgroupMapping.default_tx_group', please make sure registry config correct
17:15:12:125 ERROR 8564 --- [timeoutChecker_1_1] i.s.c.r.netty.NettyClientChannelManager  : can not get cluster name in registry config 'service.vgroupMapping.default_tx_group', please make sure registry config correct
17:15:12:157 ERROR 8564 --- [timeoutChecker_2_1] i.s.c.r.netty.NettyClientChannelManager  : can not get cluster name in registry config 'service.vgroupMapping.default_tx_group', please make sure registry config correct
17:15:13:857  WARN 8564 --- [Thread-5] c.a.nacos.common.notify.NotifyCenter     : [NotifyCenter] Start destroying Publisher
17:15:13:857  WARN 8564 --- [Thread-1] c.a.n.common.http.HttpClientBeanHolder   : [HttpClientBeanHolder] Start destroying common HttpClient
17:15:13:857  WARN 8564 --- [Thread-5] c.a.nacos.common.notify.NotifyCenter     : [NotifyCenter] Destruction of the end
17:15:13:857  WARN 8564 --- [Thread-1] c.a.n.common.http.HttpClientBeanHolder   : [HttpClientBeanHolder] Destruction of the end
17:15:13:865  INFO 8564 --- [org.springframework.amqp.rabbit.RabbitListenerEndpointContainer#0-2] o.s.a.r.l.SimpleMessageListenerContainer : Waiting for workers to finish.
17:15:13:962  INFO 8564 --- [org.springframework.amqp.rabbit.RabbitListenerEndpointContainer#0-2] o.s.a.r.l.SimpleMessageListenerContainer : Successfully waited for workers to finish.
17:15:14:238  INFO 8564 --- [SpringContextShutdownHook] c.a.c.n.registry.NacosServiceRegistry    : De-registering from Nacos Server now...
17:15:14:245  INFO 8564 --- [SpringContextShutdownHook] c.a.c.n.registry.NacosServiceRegistry    : De-registration finished.
17:15:14:583  INFO 8564 --- [SpringContextShutdownHook] com.alibaba.nacos.common.remote.client   : Shutdown rpc client, set status to shutdown
17:15:14:583  INFO 8564 --- [SpringContextShutdownHook] com.alibaba.nacos.common.remote.client   : Shutdown client event executor java.util.concurrent.ScheduledThreadPoolExecutor@1dbddc97[Running, pool size = 2, active threads = 2, queued tasks = 0, completed tasks = 0]
17:15:14:583  INFO 8564 --- [SpringContextShutdownHook] com.alibaba.nacos.common.remote.client   : Close current connection 1711184684489_192.168.200.10_52405
17:15:14:585  INFO 8564 --- [nacos-grpc-client-executor-134] c.a.n.c.remote.client.grpc.GrpcClient    : [1711184684489_192.168.200.10_52405]Ignore complete event,isRunning:false,isAbandon=false
17:15:14:589  INFO 8564 --- [SpringContextShutdownHook] c.a.n.c.remote.client.grpc.GrpcClient    : Shutdown grpc executor java.util.concurrent.ThreadPoolExecutor@7cf3a898[Running, pool size = 5, active threads = 0, queued tasks = 0, completed tasks = 135]
17:15:14:594  INFO 8564 --- [SpringContextShutdownHook] com.zaxxer.hikari.HikariDataSource       : HikariPool-1 - Shutdown initiated...
17:15:14:620  INFO 8564 --- [SpringContextShutdownHook] com.zaxxer.hikari.HikariDataSource       : HikariPool-1 - Shutdown completed.
17:15:14:620  INFO 8564 --- [SpringContextShutdownHook] o.s.a.r.l.SimpleMessageListenerContainer : Shutdown ignored - container is already stopped
